# JRE version: OpenJDK Runtime Environment Temurin-17.0.9+9 (17.0.9+9) (build 17.0.9+9)
# Java VM: OpenJDK 64-Bit Server VM Temurin-17.0.9+9 (17.0.9+9, mixed mode, tiered, compressed oops, compressed class ptrs, g1 gc, windows-amd64)
GC Precious Log:
 CPUs: 8 total, 8 available
 Memory: 7890M
 Large Page Support: Disabled
 NUMA Support: Disabled
 Compressed Oops: Enabled (32-bit)
 Heap Region Size: 1M
 Heap Min Capacity: 8M
 Heap Initial Capacity: 124M
 Heap Max Capacity: 1974M
 Pre-touch: Disabled
 Parallel Workers: 8
 Concurrent Workers: 2
 Concurrent Refinement Workers: 8
 Periodic GC: Disabled
Heap:
 garbage-first heap   total 30720K, used 12329K [0x0000000084a00000, 0x0000000100000000)
  region size 1024K, 7 young (7168K), 1 survivors (1024K)
 Metaspace       used 23839K, committed 24064K, reserved 1114112K
  class space    used 2570K, committed 2688K, reserved 1048576K
GC Heap History (20 events):
Event: 448652.624 GC heap before
{Heap before GC invocations=177 (full 0):
 garbage-first heap   total 30720K, used 25639K [0x0000000084a00000, 0x0000000100000000)
  region size 1024K, 18 young (18432K), 0 survivors (0K)
 Metaspace       used 23839K, committed 24064K, reserved 1114112K
  class space    used 2570K, committed 2688K, reserved 1048576K
}
Event: 448652.642 GC heap after
{Heap after GC invocations=178 (full 0):
 garbage-first heap   total 30720K, used 7209K [0x0000000084a00000, 0x0000000100000000)
  region size 1024K, 1 young (1024K), 1 survivors (1024K)
 Metaspace       used 23839K, committed 24064K, reserved 1114112K
  class space    used 2570K, committed 2688K, reserved 1048576K
}
Event: 449496.394 GC heap before
{Heap before GC invocations=178 (full 0):
 garbage-first heap   total 30720K, used 24617K [0x0000000084a00000, 0x0000000100000000)
  region size 1024K, 18 young (18432K), 1 survivors (1024K)
 Metaspace       used 23839K, committed 24064K, reserved 1114112K
  class space    used 2570K, committed 2688K, reserved 1048576K
}
Event: 449496.396 GC heap after
{Heap after GC invocations=179 (full 0):
 garbage-first heap   total 30720K, used 7207K [0x0000000084a00000, 0x0000000100000000)
  region size 1024K, 0 young (0K), 0 survivors (0K)
 Metaspace       used 23839K, committed 24064K, reserved 1114112K
  class space    used 2570K, committed 2688K, reserved 1048576K
}
Event: 450382.940 GC heap before
{Heap before GC invocations=179 (full 0):
 garbage-first heap   total 30720K, used 25639K [0x0000000084a00000, 0x0000000100000000)
  region size 1024K, 18 young (18432K), 0 survivors (0K)
 Metaspace       used 23839K, committed 24064K, reserved 1114112K
  class space    used 2570K, committed 2688K, reserved 1048576K
}
Event: 450382.942 GC heap after
{Heap after GC invocations=180 (full 0):
 garbage-first heap   total 30720K, used 7215K [0x0000000084a00000, 0x0000000100000000)
  region size 1024K, 1 young (1024K), 1 survivors (1024K)
 Metaspace       used 23839K, committed 24064K, reserved 1114112K
  class space    used 2570K, committed 2688K, reserved 1048576K
}
Event: 451593.985 GC heap before
{Heap before GC invocations=180 (full 0):
 garbage-first heap   total 30720K, used 24623K [0x0000000084a00000, 0x0000000100000000)
  region size 1024K, 18 young (18432K), 1 survivors (1024K)
 Metaspace       used 23839K, committed 24064K, reserved 1114112K
  class space    used 2570K, committed 2688K, reserved 1048576K
}
Event: 451593.988 GC heap after
{Heap after GC invocations=181 (full 0):
 garbage-first heap   total 30720K, used 7215K [0x0000000084a00000, 0x0000000100000000)
  region size 1024K, 1 young (1024K), 1 survivors (1024K)
 Metaspace       used 23839K, committed 24064K, reserved 1114112K
  class space    used 2570K, committed 2688K, reserved 1048576K
}
Event: 452425.759 GC heap before
{Heap before GC invocations=181 (full 0):
 garbage-first heap   total 30720K, used 24623K [0x0000000084a00000, 0x0000000100000000)
  region size 1024K, 18 young (18432K), 1 survivors (1024K)
 Metaspace       used 23839K, committed 24064K, reserved 1114112K
  class space    used 2570K, committed 2688K, reserved 1048576K
}
Event: 452425.775 GC heap after
{Heap after GC invocations=182 (full 0):
 garbage-first heap   total 30720K, used 7209K [0x0000000084a00000, 0x0000000100000000)
  region size 1024K, 1 young (1024K), 1 survivors (1024K)
 Metaspace       used 23839K, committed 24064K, reserved 1114112K
  class space    used 2570K, committed 2688K, reserved 1048576K
}
Event: 454390.879 GC heap before
{Heap before GC invocations=182 (full 0):
 garbage-first heap   total 30720K, used 24617K [0x0000000084a00000, 0x0000000100000000)
  region size 1024K, 18 young (18432K), 1 survivors (1024K)
 Metaspace       used 23839K, committed 24064K, reserved 1114112K
  class space    used 2570K, committed 2688K, reserved 1048576K
}
Event: 454390.883 GC heap after
{Heap after GC invocations=183 (full 0):
 garbage-first heap   total 30720K, used 7209K [0x0000000084a00000, 0x0000000100000000)
  region size 1024K, 1 young (1024K), 1 survivors (1024K)
 Metaspace       used 23839K, committed 24064K, reserved 1114112K
  class space    used 2570K, committed 2688K, reserved 1048576K
}
Event: 455217.580 GC heap before
{Heap before GC invocations=183 (full 0):
 garbage-first heap   total 30720K, used 24617K [0x0000000084a00000, 0x0000000100000000)
  region size 1024K, 18 young (18432K), 1 survivors (1024K)
 Metaspace       used 23839K, committed 24064K, reserved 1114112K
  class space    used 2570K, committed 2688K, reserved 1048576K
}
Event: 455217.594 GC heap after
{Heap after GC invocations=184 (full 0):
 garbage-first heap   total 30720K, used 7213K [0x0000000084a00000, 0x0000000100000000)
  region size 1024K, 1 young (1024K), 1 survivors (1024K)
 Metaspace       used 23839K, committed 24064K, reserved 1114112K
  class space    used 2570K, committed 2688K, reserved 1048576K
}
Event: 456069.471 GC heap before
{Heap before GC invocations=184 (full 0):
 garbage-first heap   total 30720K, used 24621K [0x0000000084a00000, 0x0000000100000000)
  region size 1024K, 18 young (18432K), 1 survivors (1024K)
 Metaspace       used 23839K, committed 24064K, reserved 1114112K
  class space    used 2570K, committed 2688K, reserved 1048576K
}
Event: 456069.498 GC heap after
{Heap after GC invocations=185 (full 0):
 garbage-first heap   total 30720K, used 7209K [0x0000000084a00000, 0x0000000100000000)
  region size 1024K, 1 young (1024K), 1 survivors (1024K)
 Metaspace       used 23839K, committed 24064K, reserved 1114112K
  class space    used 2570K, committed 2688K, reserved 1048576K
}
Event: 456923.345 GC heap before
{Heap before GC invocations=185 (full 0):
 garbage-first heap   total 30720K, used 24617K [0x0000000084a00000, 0x0000000100000000)
  region size 1024K, 18 young (18432K), 1 survivors (1024K)
 Metaspace       used 23839K, committed 24064K, reserved 1114112K
  class space    used 2570K, committed 2688K, reserved 1048576K
}
Event: 456923.369 GC heap after
{Heap after GC invocations=186 (full 0):
 garbage-first heap   total 30720K, used 7211K [0x0000000084a00000, 0x0000000100000000)
  region size 1024K, 1 young (1024K), 1 survivors (1024K)
 Metaspace       used 23839K, committed 24064K, reserved 1114112K
  class space    used 2570K, committed 2688K, reserved 1048576K
}
Event: 457763.102 GC heap before
{Heap before GC invocations=186 (full 0):
 garbage-first heap   total 30720K, used 24619K [0x0000000084a00000, 0x0000000100000000)
  region size 1024K, 18 young (18432K), 1 survivors (1024K)
 Metaspace       used 23839K, committed 24064K, reserved 1114112K
  class space    used 2570K, committed 2688K, reserved 1048576K
}
Event: 457763.128 GC heap after
{Heap after GC invocations=187 (full 0):
 garbage-first heap   total 30720K, used 7209K [0x0000000084a00000, 0x0000000100000000)
  region size 1024K, 1 young (1024K), 1 survivors (1024K)
 Metaspace       used 23839K, committed 24064K, reserved 1114112K
  class space    used 2570K, committed 2688K, reserved 1048576K
}

