<?xml version="1.0" encoding="UTF-8"?>
<!-- Generated by org.testng.reporters.JUnitXMLReporter -->
<testsuite ignored="0" hostname="VISHALTS" failures="0" tests="4" name="Default test" time="0.048" errors="0" timestamp="2024-03-24T00:05:01 IST">
  <testcase classname="intro.Js" name="normal" time="0.011"/>
  <testcase classname="intro.Js" name="streamCollect" time="0.001"/>
  <testcase classname="intro.Js" name="streamFilter" time="0.002"/>
  <testcase classname="intro.Js" name="streamMap" time="0.002"/>
</testsuite> <!-- Default test -->
